Fuzz Testing Report - Team 50
Started: 2025-11-30 10:01:02
Iterations per method: 5
================================================================================


================================================================================
BUG #1 DETECTED - 2025-11-30 10:01:02
================================================================================
Method: py_parser.getPythonAtrributeFuncs
Input: '/var/folders/14/0_2s0shn52s0m1xs9vgxthqw0000gn/T/tmpgejz843c.py'
Exception Type: ValueError
Exception Message: source code string cannot contain null bytes

Traceback:
Traceback (most recent call last):
  File "/Users/elizabethcasey/Documents/OnMacDocuments/GitHub/Team50--FALL2025-SQA/fuzz.py Folder/fuzz.py", line 152, in fuzz_getPythonAttributeFuncs
    py_tree = py_parser.getPythonParseObject(temp_file)
              ^^^^^^^^^^^^^^^^^^^^^^^^^^^^^^^^^^^^^^^^^
  File "/Users/elizabethcasey/Documents/OnMacDocuments/GitHub/Team50--FALL2025-SQA/fuzz.py Folder/py_parser.py", line 82, in getPythonParseObject
    full_tree = ast.parse( open( pyFile ).read())
            ^^^^^^^^^^^^^^^^^^^^^^^^^^^^^^^^^
  File "/Library/Frameworks/Python.framework/Versions/3.11/lib/python3.11/ast.py", line 50, in parse
    return compile(source, filename, mode, flags,
           ^^^^^^^^^^^^^^^^^^^^^^^^^^^^^^^^^^^^^^
ValueError: source code string cannot contain null bytes

================================================================================


================================================================================
BUG #2 DETECTED - 2025-11-30 10:01:02
================================================================================
Method: lint_engine.getDataLoadCount
Input: 123
Exception Type: OSError
Exception Message: [Errno 9] Bad file descriptor

Traceback:
Traceback (most recent call last):
  File "/Users/elizabethcasey/Documents/OnMacDocuments/GitHub/Team50--FALL2025-SQA/fuzz.py Folder/fuzz.py", line 191, in fuzz_getDataLoadCount
    result = lint_engine.getDataLoadCount(test_input)
             ^^^^^^^^^^^^^^^^^^^^^^^^^^^^^^^^^^^^^^^^
  File "/Users/elizabethcasey/Documents/OnMacDocuments/GitHub/Team50--FALL2025-SQA/fuzz.py Folder/lint_engine.py", line 13, in getDataLoadCount
    py_tree = py_parser.getPythonParseObject(py_file)
              ^^^^^^^^^^^^^^^^^^^^^^^^^^^^^^^^^^^^^^^
  File "/Users/elizabethcasey/Documents/OnMacDocuments/GitHub/Team50--FALL2025-SQA/fuzz.py Folder/py_parser.py", line 82, in getPythonParseObject
    full_tree = ast.parse( open( pyFile ).read())
                       ^^^^^^^^^^^^^^
OSError: [Errno 9] Bad file descriptor

================================================================================


================================================================================
BUG #3 DETECTED - 2025-11-30 10:01:02
================================================================================
Method: py_parser.getFunctionAssignments
Input: '/var/folders/14/0_2s0shn52s0m1xs9vgxthqw0000gn/T/tmph2na86xi.py'
Exception Type: ValueError
Exception Message: source code string cannot contain null bytes

Traceback:
Traceback (most recent call last):
  File "/Users/elizabethcasey/Documents/OnMacDocuments/GitHub/Team50--FALL2025-SQA/fuzz.py Folder/fuzz.py", line 221, in fuzz_getFunctionAssignments
    py_tree = py_parser.getPythonParseObject(temp_file)
              ^^^^^^^^^^^^^^^^^^^^^^^^^^^^^^^^^^^^^^^^^
  File "/Users/elizabethcasey/Documents/OnMacDocuments/GitHub/Team50--FALL2025-SQA/fuzz.py Folder/py_parser.py", line 82, in getPythonParseObject
    full_tree = ast.parse( open( pyFile ).read())
            ^^^^^^^^^^^^^^^^^^^^^^^^^^^^^^^^^
  File "/Library/Frameworks/Python.framework/Versions/3.11/lib/python3.11/ast.py", line 50, in parse
    return compile(source, filename, mode, flags,
           ^^^^^^^^^^^^^^^^^^^^^^^^^^^^^^^^^^^^^^
ValueError: source code string cannot contain null bytes

================================================================================


================================================================================
FUZZ TESTING SUMMARY
================================================================================
Total Tests Run: 25
Total Bugs Found: 3
Duration: 0.01 seconds
Bug Rate: 12.00%
Completed: 2025-11-30 10:01:02
================================================================================
